{"C:\\Users\\Public\\Paul\\SchachWebAppVue\\ClientApp\\components\\sum\\sum.ts": {"path":"C:\\Users\\Public\\Paul\\SchachWebAppVue\\ClientApp\\components\\sum\\sum.ts","statementMap":{"0":{"start":{"line":3,"column":4},"end":{"line":8,"column":5}},"1":{"start":{"line":4,"column":8},"end":{"line":4,"column":14}},"2":{"start":{"line":7,"column":8},"end":{"line":7,"column":14}},"3":{"start":{"line":9,"column":4},"end":{"line":9,"column":17}},"4":{"start":{"line":11,"column":0},"end":{"line":11,"column":21}}},"fnMap":{"0":{"name":"sum","decl":{"start":{"line":2,"column":9},"end":{"line":2,"column":12}},"loc":{"start":{"line":2,"column":19},"end":{"line":10,"column":1}},"line":2}},"branchMap":{"0":{"loc":{"start":{"line":3,"column":4},"end":{"line":8,"column":5}},"type":"if","locations":[{"start":{"line":3,"column":4},"end":{"line":8,"column":5}},{"start":{"line":3,"column":4},"end":{"line":8,"column":5}}],"line":3}},"s":{"0":2,"1":1,"2":1,"3":2,"4":1},"f":{"0":2},"b":{"0":[1,1]},"_coverageSchema":"332fd63041d2c1bcb487cc26dd0d5f7d97098a6c","hash":"19375f1a21196044228b42b1a0c0a3374eed40a1"}
}
